<?xml version="1.0" encoding="UTF-8" ?>
<testsuite tests="3" failures="1" name="nz.ac.auckland.parolee.test.ParoleeResourceTest" time="0.81" errors="0" skipped="0">
  <properties>
[...]
</properties>
  <testcase classname="nz.ac.auckland.parolee.test.ParoleeResourceTest" name="testParoleeResource" time="0.767">
    <failure type="java.lang.AssertionError">java.lang.AssertionError
	at org.junit.Assert.fail(Assert.java:86)
	at org.junit.Assert.fail(Assert.java:95)
	at nz.ac.auckland.parolee.test.ParoleeResourceTest.testParoleeResource(ParoleeResourceTest.java:84)
	at sun.reflect.NativeMethodAccessorImpl.invoke0(Native Method)
	at sun.reflect.NativeMethodAccessorImpl.invoke(NativeMethodAccessorImpl.java:62)
	at sun.reflect.DelegatingMethodAccessorImpl.invoke(DelegatingMethodAccessorImpl.java:43)
	at java.lang.reflect.Method.invoke(Method.java:498)
	at org.junit.runners.model.FrameworkMethod$1.runReflectiveCall(FrameworkMethod.java:50)
	at org.junit.internal.runners.model.ReflectiveCallable.run(ReflectiveCallable.java:12)
	at org.junit.runners.model.FrameworkMethod.invokeExplosively(FrameworkMethod.java:47)
	at org.junit.internal.runners.statements.InvokeMethod.evaluate(InvokeMethod.java:17)
	at org.junit.runners.ParentRunner.runLeaf(ParentRunner.java:325)
	at org.junit.runners.BlockJUnit4ClassRunner.runChild(BlockJUnit4ClassRunner.java:78)
	at org.junit.runners.BlockJUnit4ClassRunner.runChild(BlockJUnit4ClassRunner.java:57)
	at org.junit.runners.ParentRunner$3.run(ParentRunner.java:290)
	at org.junit.runners.ParentRunner$1.schedule(ParentRunner.java:71)
	at org.junit.runners.ParentRunner.runChildren(ParentRunner.java:288)
	at org.junit.runners.ParentRunner.access$000(ParentRunner.java:58)
	at org.junit.runners.ParentRunner$2.evaluate(ParentRunner.java:268)
	at org.junit.runners.ParentRunner.run(ParentRunner.java:363)
	at org.apache.maven.surefire.junit4.JUnit4Provider.execute(JUnit4Provider.java:252)
	at org.apache.maven.surefire.junit4.JUnit4Provider.executeTestSet(JUnit4Provider.java:141)
	at org.apache.maven.surefire.junit4.JUnit4Provider.invoke(JUnit4Provider.java:112)
	at sun.reflect.NativeMethodAccessorImpl.invoke0(Native Method)
	at sun.reflect.NativeMethodAccessorImpl.invoke(NativeMethodAccessorImpl.java:62)
	at sun.reflect.DelegatingMethodAccessorImpl.invoke(DelegatingMethodAccessorImpl.java:43)
	at java.lang.reflect.Method.invoke(Method.java:498)
	at org.apache.maven.surefire.util.ReflectionUtils.invokeMethodWithArray(ReflectionUtils.java:189)
	at org.apache.maven.surefire.booter.ProviderFactory$ProviderProxy.invoke(ProviderFactory.java:165)
	at org.apache.maven.surefire.booter.ProviderFactory.invokeProvider(ProviderFactory.java:85)
	at org.apache.maven.surefire.booter.ForkedBooter.runSuitesInProcess(ForkedBooter.java:115)
	at org.apache.maven.surefire.booter.ForkedBooter.main(ForkedBooter.java:75)
</failure>
    <system-out>2016-09-05 18:22:29,230 [main] INFO  nz.ac.auckland.parolee.test.ParoleeResourceTest  - Creating Parolees ...
2016-09-05 18:22:29,304 [main] DEBUG org.apache.http.impl.conn.BasicClientConnectionManager  - Get connection for route {}-&gt;http://localhost:10000
2016-09-05 18:22:29,324 [main] DEBUG org.apache.http.impl.conn.DefaultClientConnectionOperator  - Connecting to localhost:10000
2016-09-05 18:22:29,352 [main] DEBUG org.apache.http.client.protocol.RequestAddCookies  - CookieSpec selected: best-match
2016-09-05 18:22:29,368 [main] DEBUG org.apache.http.client.protocol.RequestAuthCache  - Auth cache not set in the context
2016-09-05 18:22:29,368 [main] DEBUG org.apache.http.client.protocol.RequestTargetAuthentication  - Target auth state: UNCHALLENGED
2016-09-05 18:22:29,369 [main] DEBUG org.apache.http.client.protocol.RequestProxyAuthentication  - Proxy auth state: UNCHALLENGED
2016-09-05 18:22:29,369 [main] DEBUG org.apache.http.impl.client.DefaultHttpClient  - Attempt 1 to execute request
2016-09-05 18:22:29,369 [main] DEBUG org.apache.http.impl.conn.DefaultClientConnection  - Sending request: POST /services/parolees HTTP/1.1
2016-09-05 18:22:29,370 [main] DEBUG org.apache.http.wire  -  &gt;&gt; &quot;POST /services/parolees HTTP/1.1[\r][\n]&quot;
2016-09-05 18:22:29,371 [main] DEBUG org.apache.http.wire  -  &gt;&gt; &quot;Accept-Encoding: gzip, deflate[\r][\n]&quot;
2016-09-05 18:22:29,371 [main] DEBUG org.apache.http.wire  -  &gt;&gt; &quot;Content-Type: application/xml[\r][\n]&quot;
2016-09-05 18:22:29,372 [main] DEBUG org.apache.http.wire  -  &gt;&gt; &quot;Content-Length: 137[\r][\n]&quot;
2016-09-05 18:22:29,372 [main] DEBUG org.apache.http.wire  -  &gt;&gt; &quot;Host: localhost:10000[\r][\n]&quot;
2016-09-05 18:22:29,372 [main] DEBUG org.apache.http.wire  -  &gt;&gt; &quot;Connection: Keep-Alive[\r][\n]&quot;
2016-09-05 18:22:29,372 [main] DEBUG org.apache.http.wire  -  &gt;&gt; &quot;[\r][\n]&quot;
2016-09-05 18:22:29,372 [main] DEBUG org.apache.http.headers  - &gt;&gt; POST /services/parolees HTTP/1.1
2016-09-05 18:22:29,372 [main] DEBUG org.apache.http.headers  - &gt;&gt; Accept-Encoding: gzip, deflate
2016-09-05 18:22:29,372 [main] DEBUG org.apache.http.headers  - &gt;&gt; Content-Type: application/xml
2016-09-05 18:22:29,373 [main] DEBUG org.apache.http.headers  - &gt;&gt; Content-Length: 137
2016-09-05 18:22:29,373 [main] DEBUG org.apache.http.headers  - &gt;&gt; Host: localhost:10000
2016-09-05 18:22:29,373 [main] DEBUG org.apache.http.headers  - &gt;&gt; Connection: Keep-Alive
2016-09-05 18:22:29,373 [main] DEBUG org.apache.http.wire  -  &gt;&gt; &quot;&lt;parolee&gt;&lt;first-name&gt;Al&lt;/first-name&gt;&lt;last-name&gt;Capone&lt;/last-name&gt;&lt;gender&gt;Male&lt;/gender&gt;&lt;date-of-birth&gt;17/01/1899&lt;/date-of-birth&gt;&lt;/parolee&gt;&quot;
2016-09-05 18:22:29,418 [main] DEBUG org.apache.http.wire  -  &lt;&lt; &quot;HTTP/1.1 404 Not Found[\r][\n]&quot;
2016-09-05 18:22:29,420 [main] DEBUG org.apache.http.wire  -  &lt;&lt; &quot;Content-Length: 0[\r][\n]&quot;
2016-09-05 18:22:29,420 [main] DEBUG org.apache.http.wire  -  &lt;&lt; &quot;Server: Jetty(9.0.6.v20130930)[\r][\n]&quot;
2016-09-05 18:22:29,420 [main] DEBUG org.apache.http.wire  -  &lt;&lt; &quot;[\r][\n]&quot;
2016-09-05 18:22:29,421 [main] DEBUG org.apache.http.impl.conn.DefaultClientConnection  - Receiving response: HTTP/1.1 404 Not Found
2016-09-05 18:22:29,421 [main] DEBUG org.apache.http.headers  - &lt;&lt; HTTP/1.1 404 Not Found
2016-09-05 18:22:29,421 [main] DEBUG org.apache.http.headers  - &lt;&lt; Content-Length: 0
2016-09-05 18:22:29,421 [main] DEBUG org.apache.http.headers  - &lt;&lt; Server: Jetty(9.0.6.v20130930)
2016-09-05 18:22:29,425 [main] DEBUG org.apache.http.impl.client.DefaultHttpClient  - Connection can be kept alive indefinitely
2016-09-05 18:22:29,432 [main] ERROR nz.ac.auckland.parolee.test.ParoleeResourceTest  - Failed to create Parolee; Web service responded with: 404
2016-09-05 18:22:29,433 [main] DEBUG org.apache.http.impl.conn.DefaultClientConnection  - Connection 0.0.0.0:56363&lt;-&gt;127.0.0.1:10000 closed
</system-out>
  </testcase>
  <testcase classname="nz.ac.auckland.parolee.test.ParoleeResourceTest" name="testAuditorNoCookiesTest" time="0.02"/>
  <testcase classname="nz.ac.auckland.parolee.test.ParoleeResourceTest" name="testAuditorWithCookiesTest" time="0.023"/>
</testsuite>